<?xml version="1.0" encoding="UTF-8"?>
<!-- Generated by org.testng.reporters.JUnitReportReporter -->
<testsuite hostname="DESKTOP-NPFP78G" failures="0" tests="1" name="reporting_tool.log_tool" time="0.183" errors="0" timestamp="2023-08-24T15:17:42 IST" skipped="0">
  <testcase classname="reporting_tool.log_tool" name="run" time="0.183"/>
</testsuite> <!-- reporting_tool.log_tool -->
