<?xml version="1.0" encoding="UTF-8"?>
<!-- Generated by org.testng.reporters.JUnitReportReporter -->
<testsuite hostname="DESKTOP-NPFP78G" failures="0" tests="1" name="Jdbc.HandelDataBase" time="1.362" errors="0" timestamp="2023-08-19T18:03:23 IST" skipped="0">
  <testcase classname="Jdbc.HandelDataBase" name="getdata" time="1.362"/>
</testsuite> <!-- Jdbc.HandelDataBase -->
