<?xml version="1.0" encoding="UTF-8"?>
<!-- Generated by org.testng.reporters.JUnitReportReporter -->
<testsuite hostname="DESKTOP-NPFP78G" failures="0" tests="1" name="Basic_Hybrid_Framework.RunnerClass" time="12.552" errors="0" timestamp="2023-08-12T17:56:46 IST" skipped="0">
  <testcase classname="Basic_Hybrid_Framework.RunnerClass" name="Lanch" time="12.552"/>
</testsuite> <!-- Basic_Hybrid_Framework.RunnerClass -->
