<?xml version="1.0" encoding="UTF-8"?>
<!-- Generated by org.testng.reporters.JUnitReportReporter -->
<testsuite hostname="DESKTOP-NPFP78G" failures="0" tests="1" name="reporting_tool.prop" time="0.019" errors="0" timestamp="2023-08-24T15:27:20 IST" skipped="0">
  <testcase classname="reporting_tool.prop" name="pro" time="0.019"/>
</testsuite> <!-- reporting_tool.prop -->
