<?xml version="1.0" encoding="UTF-8"?>
<!-- Generated by org.testng.reporters.JUnitReportReporter -->
<testsuite hostname="DESKTOP-NPFP78G" failures="0" tests="1" name="POM.RunnerClass" time="13.577" errors="0" timestamp="2023-08-12T17:30:57 IST" skipped="0">
  <testcase classname="POM.RunnerClass" name="getmethod" time="13.577"/>
</testsuite> <!-- POM.RunnerClass -->
