<?xml version="1.0" encoding="UTF-8"?>
<!-- Generated by org.testng.reporters.JUnitReportReporter -->
<testsuite hostname="DESKTOP-NPFP78G" failures="0" tests="1" name="HybridFrameWork.Runner_class" time="14.566" errors="0" timestamp="2023-08-26T14:12:52 IST" skipped="0">
  <testcase classname="HybridFrameWork.Runner_class" name="Access" time="14.566"/>
</testsuite> <!-- HybridFrameWork.Runner_class -->
