<?xml version="1.0" encoding="UTF-8"?>
<!-- Generated by org.testng.reporters.JUnitReportReporter -->
<testsuite hostname="DESKTOP-NPFP78G" failures="0" tests="1" name="Asserts.Soft_Asserts" time="14.883" errors="0" timestamp="2023-08-13T15:35:29 IST" skipped="0">
  <testcase classname="Asserts.Soft_Asserts" name="Soft" time="14.883"/>
</testsuite> <!-- Asserts.Soft_Asserts -->
