<?xml version="1.0" encoding="UTF-8"?>
<!-- Generated by org.testng.reporters.JUnitReportReporter -->
<testsuite hostname="DESKTOP-NPFP78G" failures="0" tests="1" name="Asserts.Verify_Link" time="8.998" errors="0" timestamp="2023-08-13T16:01:56 IST" skipped="0">
  <testcase classname="Asserts.Verify_Link" name="Link" time="8.998"/>
</testsuite> <!-- Asserts.Verify_Link -->
