<?xml version="1.0" encoding="UTF-8"?>
<!-- Generated by org.testng.reporters.JUnitReportReporter -->
<testsuite hostname="DESKTOP-NPFP78G" failures="0" tests="3" name="TestNG.sample" time="0.021" errors="0" timestamp="2023-08-25T11:24:15 IST" skipped="0">
  <testcase classname="TestNG.sample" name="test" time="0.014"/>
  <testcase classname="TestNG.sample" name="demo" time="0.004"/>
  <testcase classname="TestNG.sample" name="intiger" time="0.003"/>
</testsuite> <!-- TestNG.sample -->
