<?xml version="1.0" encoding="UTF-8"?>
<!-- Generated by org.testng.reporters.JUnitReportReporter -->
<testsuite hostname="DESKTOP-NPFP78G" failures="0" tests="1" name="reporting_tool.repo_tool" time="1.052" errors="0" timestamp="2023-08-24T15:03:28 IST" skipped="0">
  <testcase classname="reporting_tool.repo_tool" name="run" time="1.052"/>
</testsuite> <!-- reporting_tool.repo_tool -->
