<?xml version="1.0" encoding="UTF-8"?>
<!-- Generated by org.testng.reporters.JUnitReportReporter -->
<testsuite hostname="DESKTOP-NPFP78G" failures="0" tests="1" name="HybridFrameWork.Trial" time="10.970" errors="0" timestamp="2023-08-26T08:11:46 IST" skipped="0">
  <testcase classname="HybridFrameWork.Trial" name="lanch_borwser" time="10.970"/>
</testsuite> <!-- HybridFrameWork.Trial -->
